#
# There is insufficient memory for the Java Runtime Environment to continue.
# Native memory allocation (malloc) failed to allocate 371520 bytes for Chunk::new
# Possible reasons:
#   The system is out of physical RAM or swap space
#   The process is running with CompressedOops enabled, and the Java Heap may be blocking the growth of the native heap
# Possible solutions:
#   Reduce memory load on the system
#   Increase physical memory or swap space
#   Check if swap backing store is full
#   Decrease Java heap size (-Xmx/-Xms)
#   Decrease number of Java threads
#   Decrease Java thread stack sizes (-Xss)
#   Set larger code cache with -XX:ReservedCodeCacheSize=
#   JVM is running with Unscaled Compressed Oops mode in which the Java heap is
#     placed in the first 4GB address space. The Java Heap base address is the
#     maximum limit for the native heap growth. Please use -XX:HeapBaseMinAddress
#     to set the Java Heap base and to place the Java Heap above 4GB virtual address.
# This output file may be truncated or incomplete.
#
#  Out of Memory Error (allocation.cpp:389), pid=10512, tid=0x00000000000074ec
#
# JRE version: Java(TM) SE Runtime Environment (8.0_441) (build 1.8.0_441-b07)
# Java VM: Java HotSpot(TM) 64-Bit Server VM (25.441-b07 mixed mode windows-amd64 compressed oops)
# Failed to write core dump. Minidumps are not enabled by default on client versions of Windows
#

---------------  T H R E A D  ---------------

Current thread (0x00000246b9a13800):  JavaThread "C2 CompilerThread3" daemon [_thread_in_native, id=29932, stack(0x000000e54a000000,0x000000e54a100000)]

Stack: [0x000000e54a000000,0x000000e54a100000]
Native frames: (J=compiled Java code, j=interpreted, Vv=VM code, C=native code)
V  [jvm.dll+0x34ba99]
V  [jvm.dll+0x288e12]
V  [jvm.dll+0x2899e0]
V  [jvm.dll+0x27dc65]
V  [jvm.dll+0xd9d8c]
V  [jvm.dll+0xda71c]
V  [jvm.dll+0x4952cc]
V  [jvm.dll+0x458865]
V  [jvm.dll+0x461b1f]
V  [jvm.dll+0x460f12]
V  [jvm.dll+0x44abbc]
V  [jvm.dll+0xaf385]
V  [jvm.dll+0xada9f]
V  [jvm.dll+0x24e539]
V  [jvm.dll+0x2a595c]
C  [ucrtbase.dll+0x37b0]
C  [KERNEL32.DLL+0x2e8d7]
C  [ntdll.dll+0x8c48c]


Current CompileTask:
C2:   3609 2901  s    4       sun.misc.URLClassPath::getNextLoader (88 bytes)


---------------  P R O C E S S  ---------------

Java Threads: ( => current thread )
  0x00000246bd862000 JavaThread "jar transforms Thread 2" [_thread_blocked, id=17956, stack(0x000000e54bf00000,0x000000e54c000000)]
  0x00000246bd865000 JavaThread "jar transforms" [_thread_blocked, id=9672, stack(0x000000e54be00000,0x000000e54bf00000)]
  0x00000246bd863800 JavaThread "File watcher consumer" daemon [_thread_blocked, id=25660, stack(0x000000e54bd00000,0x000000e54be00000)]
  0x00000246bd85e800 JavaThread "File watcher server" daemon [_thread_in_native, id=3912, stack(0x000000e54bc00000,0x000000e54bd00000)]
  0x00000246bd861800 JavaThread "Cache worker for Build Output Cleanup Cache (C:\Users\ASUS TUF GAMING 15\Desktop\bra\app\android\.gradle\buildOutputCleanup)" [_thread_blocked, id=22312, stack(0x000000e54bb00000,0x000000e54bc00000)]
  0x00000246bd860800 JavaThread "File lock release action executor" [_thread_blocked, id=22492, stack(0x000000e54ba00000,0x000000e54bb00000)]
  0x00000246bd85d800 JavaThread "Cache worker for file hash cache (C:\Users\ASUS TUF GAMING 15\Desktop\bra\app\android\.gradle\8.14\fileHashes)" [_thread_blocked, id=30112, stack(0x000000e54b900000,0x000000e54ba00000)]
  0x00000246bd860000 JavaThread "Problems report writer" [_thread_blocked, id=15920, stack(0x000000e54b800000,0x000000e54b900000)]
  0x00000246bd85c000 JavaThread "Cache worker for file hash cache (C:\Users\ASUS TUF GAMING 15\.gradle\caches\8.14\fileHashes)" [_thread_blocked, id=13496, stack(0x000000e54b700000,0x000000e54b800000)]
  0x00000246bd85d000 JavaThread "File lock request listener" [_thread_in_native, id=18376, stack(0x000000e54b600000,0x000000e54b700000)]
  0x00000246bd85f000 JavaThread "Cache worker for journal cache (C:\Users\ASUS TUF GAMING 15\.gradle\caches\journal-1)" [_thread_blocked, id=9456, stack(0x000000e54b500000,0x000000e54b600000)]
  0x00000246bc58b800 JavaThread "Daemon client event forwarder" [_thread_blocked, id=22984, stack(0x000000e54b400000,0x000000e54b500000)]
  0x00000246bc509800 JavaThread "Stdin handler" [_thread_blocked, id=15992, stack(0x000000e54b300000,0x000000e54b400000)]
  0x00000246bc508800 JavaThread "Asynchronous log dispatcher for DefaultDaemonConnection: socket connection from /127.0.0.1:50772 to /127.0.0.1:50773" [_thread_blocked, id=11060, stack(0x000000e54b200000,0x000000e54b300000)]
  0x00000246bc508000 JavaThread "Daemon worker" [_thread_in_vm, id=9292, stack(0x000000e54b100000,0x000000e54b200000)]
  0x00000246bc52c000 JavaThread "Cancel handler" [_thread_blocked, id=29400, stack(0x000000e54b000000,0x000000e54b100000)]
  0x00000246bc490800 JavaThread "Handler for socket connection from /127.0.0.1:50772 to /127.0.0.1:50773" [_thread_in_native, id=26484, stack(0x000000e54af00000,0x000000e54b000000)]
  0x00000246bc492000 JavaThread "Daemon" [_thread_blocked, id=27600, stack(0x000000e54ae00000,0x000000e54af00000)]
  0x00000246bc48a800 JavaThread "Daemon periodic checks" [_thread_blocked, id=30692, stack(0x000000e54ad00000,0x000000e54ae00000)]
  0x00000246bc3ef800 JavaThread "Incoming local TCP Connector on port 50772" [_thread_in_native, id=29296, stack(0x000000e54ac00000,0x000000e54ad00000)]
  0x00000246bc4c9000 JavaThread "Daemon health stats" [_thread_blocked, id=13448, stack(0x000000e54ab00000,0x000000e54ac00000)]
  0x00000246b9aff800 JavaThread "Service Thread" daemon [_thread_blocked, id=22920, stack(0x000000e54a900000,0x000000e54aa00000)]
  0x00000246b9a31800 JavaThread "C1 CompilerThread11" daemon [_thread_blocked, id=18056, stack(0x000000e54a800000,0x000000e54a900000)]
  0x00000246b9a2b800 JavaThread "C1 CompilerThread10" daemon [_thread_blocked, id=4348, stack(0x000000e54a700000,0x000000e54a800000)]
  0x00000246b9a2c800 JavaThread "C1 CompilerThread9" daemon [_thread_blocked, id=13384, stack(0x000000e54a600000,0x000000e54a700000)]
  0x00000246b9a2e800 JavaThread "C1 CompilerThread8" daemon [_thread_blocked, id=22420, stack(0x000000e54a500000,0x000000e54a600000)]
  0x00000246b9a2e000 JavaThread "C2 CompilerThread7" daemon [_thread_blocked, id=27452, stack(0x000000e54a400000,0x000000e54a500000)]
  0x00000246b9a2d000 JavaThread "C2 CompilerThread6" daemon [_thread_blocked, id=8868, stack(0x000000e54a300000,0x000000e54a400000)]
  0x00000246b9a2b000 JavaThread "C2 CompilerThread5" daemon [_thread_blocked, id=11360, stack(0x000000e54a200000,0x000000e54a300000)]
  0x00000246b9a1e000 JavaThread "C2 CompilerThread4" daemon [_thread_in_native, id=7508, stack(0x000000e54a100000,0x000000e54a200000)]
=>0x00000246b9a13800 JavaThread "C2 CompilerThread3" daemon [_thread_in_native, id=29932, stack(0x000000e54a000000,0x000000e54a100000)]
  0x00000246b9a12800 JavaThread "C2 CompilerThread2" daemon [_thread_in_native, id=24236, stack(0x000000e549f00000,0x000000e54a000000)]
  0x00000246b9a11000 JavaThread "C2 CompilerThread1" daemon [_thread_in_native, id=10924, stack(0x000000e549e00000,0x000000e549f00000)]
  0x00000246b9a10000 JavaThread "C2 CompilerThread0" daemon [_thread_in_native, id=30600, stack(0x000000e549d00000,0x000000e549e00000)]
  0x00000246b9948000 JavaThread "Attach Listener" daemon [_thread_blocked, id=18764, stack(0x000000e549c00000,0x000000e549d00000)]
  0x00000246b9943000 JavaThread "Signal Dispatcher" daemon [_thread_blocked, id=7284, stack(0x000000e549b00000,0x000000e549c00000)]
  0x00000246b9930800 JavaThread "Finalizer" daemon [_thread_blocked, id=27128, stack(0x000000e549a00000,0x000000e549b00000)]
  0x00000246b6c3b000 JavaThread "Reference Handler" daemon [_thread_blocked, id=3984, stack(0x000000e549900000,0x000000e549a00000)]
  0x000002469f7b2800 JavaThread "main" [_thread_blocked, id=27476, stack(0x000000e548a00000,0x000000e548b00000)]

Other Threads:
  0x00000246b6c34800 VMThread [stack: 0x000000e549800000,0x000000e549900000] [id=27232]
  0x00000246b9b02800 WatcherThread [stack: 0x000000e54aa00000,0x000000e54ab00000] [id=2744]

VM state:not at safepoint (normal execution)

VM Mutex/Monitor currently owned by a thread: None

heap address: 0x0000000080000000, size: 2048 MB, Compressed Oops mode: 32-bit
Narrow klass base: 0x0000000000000000, Narrow klass shift: 3
Compressed class space size: 528482304 Address: 0x0000000100000000

Heap:
 PSYoungGen      total 225280K, used 19323K [0x00000000d5580000, 0x00000000e4080000, 0x0000000100000000)
  eden space 212480K, 3% used [0x00000000d5580000,0x00000000d5d0d258,0x00000000e2500000)
  from space 12800K, 90% used [0x00000000e3280000,0x00000000e3dd1af8,0x00000000e3f00000)
  to   space 13824K, 0% used [0x00000000e2500000,0x00000000e2500000,0x00000000e3280000)
 ParOldGen       total 97280K, used 10013K [0x0000000080000000, 0x0000000085f00000, 0x00000000d5580000)
  object space 97280K, 10% used [0x0000000080000000,0x00000000809c7630,0x0000000085f00000)
 Metaspace       used 31901K, capacity 33882K, committed 34048K, reserved 546816K
  class space    used 4707K, capacity 5084K, committed 5120K, reserved 516096K

Card table byte_map: [0x00000246b1790000,0x00000246b1ba0000] byte_map_base: 0x00000246b1390000

Marking Bits: (ParMarkBitMap*) 0x00007fffaac50200
 Begin Bits: [0x00000246b1e50000, 0x00000246b3e50000)
 End Bits:   [0x00000246b3e50000, 0x00000246b5e50000)

Polling page: 0x000002469f760000

CodeCache: size=262144Kb used=11953Kb max_used=11953Kb free=250190Kb
 bounds [0x00000246a1390000, 0x00000246a1f50000, 0x00000246b1390000]
 total_blobs=3418 nmethods=2918 adapters=408
 compilation: disabled (not enough contiguous free space left)

Compilation events (10 events):
Event: 3.576 Thread 0x00000246b9a2b800 2918       1       org.codehaus.groovy.util.ReferenceBundle::getManager (5 bytes)
Event: 3.577 Thread 0x00000246b9a2b800 nmethod 2918 0x00000246a1f3c310 code [0x00000246a1f3c460, 0x00000246a1f3c578]
Event: 3.577 Thread 0x00000246b9a2c800 nmethod 2917 0x00000246a1f3c050 code [0x00000246a1f3c1a0, 0x00000246a1f3c2b8]
Event: 3.589 Thread 0x00000246b9a31800 2919       3       jdk.internal.org.objectweb.asm.ClassWriter::newConst (9 bytes)
Event: 3.589 Thread 0x00000246b9a2b800 2920       3       java.lang.invoke.InvokerBytecodeGenerator$CpPatch::<init> (26 bytes)
Event: 3.590 Thread 0x00000246b9a2b800 nmethod 2920 0x00000246a1f3bc50 code [0x00000246a1f3bda0, 0x00000246a1f3bf98]
Event: 3.590 Thread 0x00000246b9a31800 nmethod 2919 0x00000246a1f3b810 code [0x00000246a1f3b980, 0x00000246a1f3bb30]
Event: 3.594 Thread 0x00000246b9a2e800 2921       3       java.util.Stack::empty (13 bytes)
Event: 3.594 Thread 0x00000246b9a2e800 nmethod 2921 0x00000246a1f3fa10 code [0x00000246a1f3fb80, 0x00000246a1f3ff58]
Event: 3.598 Thread 0x00000246b9a1e000 2922       4       java.lang.ClassLoader::defineClass (43 bytes)

GC Heap History (10 events):
Event: 2.169 GC heap before
{Heap before GC invocations=5 (full 0):
 PSYoungGen      total 75776K, used 74466K [0x00000000d5580000, 0x00000000daa00000, 0x0000000100000000)
  eden space 65024K, 100% used [0x00000000d5580000,0x00000000d9500000,0x00000000d9500000)
  from space 10752K, 87% used [0x00000000d9f80000,0x00000000da8b8aa8,0x00000000daa00000)
  to   space 10752K, 0% used [0x00000000d9500000,0x00000000d9500000,0x00000000d9f80000)
 ParOldGen       total 173568K, used 40K [0x0000000080000000, 0x000000008a980000, 0x00000000d5580000)
  object space 173568K, 0% used [0x0000000080000000,0x000000008000a000,0x000000008a980000)
 Metaspace       used 17737K, capacity 18584K, committed 18816K, reserved 532480K
  class space    used 2471K, capacity 2660K, committed 2688K, reserved 516096K
Event: 2.176 GC heap after
Heap after GC invocations=5 (full 0):
 PSYoungGen      total 75776K, used 10735K [0x00000000d5580000, 0x00000000ded80000, 0x0000000100000000)
  eden space 65024K, 0% used [0x00000000d5580000,0x00000000d5580000,0x00000000d9500000)
  from space 10752K, 99% used [0x00000000d9500000,0x00000000d9f7bee8,0x00000000d9f80000)
  to   space 12800K, 0% used [0x00000000de100000,0x00000000de100000,0x00000000ded80000)
 ParOldGen       total 173568K, used 330K [0x0000000080000000, 0x000000008a980000, 0x00000000d5580000)
  object space 173568K, 0% used [0x0000000080000000,0x0000000080052978,0x000000008a980000)
 Metaspace       used 17737K, capacity 18584K, committed 18816K, reserved 532480K
  class space    used 2471K, capacity 2660K, committed 2688K, reserved 516096K
}
Event: 2.329 GC heap before
{Heap before GC invocations=6 (full 0):
 PSYoungGen      total 75776K, used 57657K [0x00000000d5580000, 0x00000000ded80000, 0x0000000100000000)
  eden space 65024K, 72% used [0x00000000d5580000,0x00000000d8352720,0x00000000d9500000)
  from space 10752K, 99% used [0x00000000d9500000,0x00000000d9f7bee8,0x00000000d9f80000)
  to   space 12800K, 0% used [0x00000000de100000,0x00000000de100000,0x00000000ded80000)
 ParOldGen       total 173568K, used 330K [0x0000000080000000, 0x000000008a980000, 0x00000000d5580000)
  object space 173568K, 0% used [0x0000000080000000,0x0000000080052978,0x000000008a980000)
 Metaspace       used 20141K, capacity 21152K, committed 21296K, reserved 534528K
  class space    used 2860K, capacity 3112K, committed 3200K, reserved 516096K
Event: 2.334 GC heap after
Heap after GC invocations=6 (full 0):
 PSYoungGen      total 142336K, used 10423K [0x00000000d5580000, 0x00000000dee80000, 0x0000000100000000)
  eden space 129536K, 0% used [0x00000000d5580000,0x00000000d5580000,0x00000000dd400000)
  from space 12800K, 81% used [0x00000000de100000,0x00000000deb2dde8,0x00000000ded80000)
  to   space 13312K, 0% used [0x00000000dd400000,0x00000000dd400000,0x00000000de100000)
 ParOldGen       total 173568K, used 338K [0x0000000080000000, 0x000000008a980000, 0x00000000d5580000)
  object space 173568K, 0% used [0x0000000080000000,0x0000000080054978,0x000000008a980000)
 Metaspace       used 20141K, capacity 21152K, committed 21296K, reserved 534528K
  class space    used 2860K, capacity 3112K, committed 3200K, reserved 516096K
}
Event: 2.334 GC heap before
{Heap before GC invocations=7 (full 1):
 PSYoungGen      total 142336K, used 10423K [0x00000000d5580000, 0x00000000dee80000, 0x0000000100000000)
  eden space 129536K, 0% used [0x00000000d5580000,0x00000000d5580000,0x00000000dd400000)
  from space 12800K, 81% used [0x00000000de100000,0x00000000deb2dde8,0x00000000ded80000)
  to   space 13312K, 0% used [0x00000000dd400000,0x00000000dd400000,0x00000000de100000)
 ParOldGen       total 173568K, used 338K [0x0000000080000000, 0x000000008a980000, 0x00000000d5580000)
  object space 173568K, 0% used [0x0000000080000000,0x0000000080054978,0x000000008a980000)
 Metaspace       used 20141K, capacity 21152K, committed 21296K, reserved 534528K
  class space    used 2860K, capacity 3112K, committed 3200K, reserved 516096K
Event: 2.353 GC heap after
Heap after GC invocations=7 (full 1):
 PSYoungGen      total 142336K, used 0K [0x00000000d5580000, 0x00000000dee80000, 0x0000000100000000)
  eden space 129536K, 0% used [0x00000000d5580000,0x00000000d5580000,0x00000000dd400000)
  from space 12800K, 0% used [0x00000000de100000,0x00000000de100000,0x00000000ded80000)
  to   space 13312K, 0% used [0x00000000dd400000,0x00000000dd400000,0x00000000de100000)
 ParOldGen       total 97280K, used 9997K [0x0000000080000000, 0x0000000085f00000, 0x00000000d5580000)
  object space 97280K, 10% used [0x0000000080000000,0x00000000809c3630,0x0000000085f00000)
 Metaspace       used 20141K, capacity 21152K, committed 21296K, reserved 534528K
  class space    used 2860K, capacity 3112K, committed 3200K, reserved 516096K
}
Event: 2.788 GC heap before
{Heap before GC invocations=8 (full 1):
 PSYoungGen      total 142336K, used 129536K [0x00000000d5580000, 0x00000000dee80000, 0x0000000100000000)
  eden space 129536K, 100% used [0x00000000d5580000,0x00000000dd400000,0x00000000dd400000)
  from space 12800K, 0% used [0x00000000de100000,0x00000000de100000,0x00000000ded80000)
  to   space 13312K, 0% used [0x00000000dd400000,0x00000000dd400000,0x00000000de100000)
 ParOldGen       total 97280K, used 9997K [0x0000000080000000, 0x0000000085f00000, 0x00000000d5580000)
  object space 97280K, 10% used [0x0000000080000000,0x00000000809c3630,0x0000000085f00000)
 Metaspace       used 24989K, capacity 26130K, committed 26368K, reserved 538624K
  class space    used 3576K, capacity 3829K, committed 3840K, reserved 516096K
Event: 2.793 GC heap after
Heap after GC invocations=8 (full 1):
 PSYoungGen      total 142848K, used 7899K [0x00000000d5580000, 0x00000000e3f00000, 0x0000000100000000)
  eden space 129536K, 0% used [0x00000000d5580000,0x00000000d5580000,0x00000000dd400000)
  from space 13312K, 59% used [0x00000000dd400000,0x00000000ddbb6ff0,0x00000000de100000)
  to   space 12800K, 0% used [0x00000000e3280000,0x00000000e3280000,0x00000000e3f00000)
 ParOldGen       total 97280K, used 10005K [0x0000000080000000, 0x0000000085f00000, 0x00000000d5580000)
  object space 97280K, 10% used [0x0000000080000000,0x00000000809c5630,0x0000000085f00000)
 Metaspace       used 24989K, capacity 26130K, committed 26368K, reserved 538624K
  class space    used 3576K, capacity 3829K, committed 3840K, reserved 516096K
}
Event: 3.557 GC heap before
{Heap before GC invocations=9 (full 1):
 PSYoungGen      total 142848K, used 137435K [0x00000000d5580000, 0x00000000e3f00000, 0x0000000100000000)
  eden space 129536K, 100% used [0x00000000d5580000,0x00000000dd400000,0x00000000dd400000)
  from space 13312K, 59% used [0x00000000dd400000,0x00000000ddbb6ff0,0x00000000de100000)
  to   space 12800K, 0% used [0x00000000e3280000,0x00000000e3280000,0x00000000e3f00000)
 ParOldGen       total 97280K, used 10005K [0x0000000080000000, 0x0000000085f00000, 0x00000000d5580000)
  object space 97280K, 10% used [0x0000000080000000,0x00000000809c5630,0x0000000085f00000)
 Metaspace       used 31570K, capacity 33518K, committed 33792K, reserved 544768K
  class space    used 4661K, capacity 5030K, committed 5120K, reserved 516096K
Event: 3.568 GC heap after
Heap after GC invocations=9 (full 1):
 PSYoungGen      total 225280K, used 11590K [0x00000000d5580000, 0x00000000e4080000, 0x0000000100000000)
  eden space 212480K, 0% used [0x00000000d5580000,0x00000000d5580000,0x00000000e2500000)
  from space 12800K, 90% used [0x00000000e3280000,0x00000000e3dd1af8,0x00000000e3f00000)
  to   space 13824K, 0% used [0x00000000e2500000,0x00000000e2500000,0x00000000e3280000)
 ParOldGen       total 97280K, used 10013K [0x0000000080000000, 0x0000000085f00000, 0x00000000d5580000)
  object space 97280K, 10% used [0x0000000080000000,0x00000000809c7630,0x0000000085f00000)
 Metaspace       used 31570K, capacity 33518K, committed 33792K, reserved 544768K
  class space    used 4661K, capacity 5030K, committed 5120K, reserved 516096K
}

Deoptimization events (10 events):
Event: 3.312 Thread 0x00000246bc508000 Uncommon trap: reason=unstable_if action=reinterpret pc=0x00000246a1abd660 method=sun.misc.URLClassPath$JarLoader.getResource(Ljava/lang/String;ZLjava/util/Set;)Lsun/misc/Resource; @ 17
Event: 3.435 Thread 0x00000246bc508000 Uncommon trap: reason=class_check action=maybe_recompile pc=0x00000246a1ab3524 method=java.lang.String.equals(Ljava/lang/Object;)Z @ 8
Event: 3.441 Thread 0x00000246bc508000 Uncommon trap: reason=class_check action=maybe_recompile pc=0x00000246a187fb60 method=sun.misc.URLClassPath.getLoader(I)Lsun/misc/URLClassPath$Loader; @ 94
Event: 3.441 Thread 0x00000246bc508000 Uncommon trap: reason=class_check action=maybe_recompile pc=0x00000246a1cfa1e8 method=sun.misc.URLClassPath.getResource(Ljava/lang/String;Z)Lsun/misc/Resource; @ 62
Event: 3.441 Thread 0x00000246bc508000 Uncommon trap: reason=unstable_if action=reinterpret pc=0x00000246a1b66e94 method=java.lang.String.regionMatches(ZILjava/lang/String;II)Z @ 41
Event: 3.444 Thread 0x00000246bc508000 Uncommon trap: reason=unstable_if action=reinterpret pc=0x00000246a1b8ff30 method=java.lang.ClassLoader.getClassLoadingLock(Ljava/lang/String;)Ljava/lang/Object; @ 6
Event: 3.532 Thread 0x00000246bc508000 Uncommon trap: reason=class_check action=maybe_recompile pc=0x00000246a1f08a58 method=java.io.BufferedInputStream.read([BII)I @ 101
Event: 3.532 Thread 0x00000246bc508000 Uncommon trap: reason=class_check action=maybe_recompile pc=0x00000246a1f08a58 method=java.io.BufferedInputStream.read([BII)I @ 101
Event: 3.533 Thread 0x00000246bc508000 Uncommon trap: reason=class_check action=maybe_recompile pc=0x00000246a1f08a58 method=java.io.BufferedInputStream.read([BII)I @ 101
Event: 3.534 Thread 0x00000246bc508000 Uncommon trap: reason=class_check action=maybe_recompile pc=0x00000246a1f08a58 method=java.io.BufferedInputStream.read([BII)I @ 101

Classes redefined (0 events):
No events

Internal exceptions (10 events):
Event: 3.056 Thread 0x00000246bc58b800 Exception <a 'java/lang/NoSuchMethodError': <clinit>> (0x00000000d7d2ac60) thrown at [C:\jenkins\workspace\8-2-build-windows-x64-cygwin-sans-NAS\jdk8u441\1521\hotspot\src\share\vm\prims\jni.cpp, line 1620]
Event: 3.056 Thread 0x00000246bc58b800 Exception <a 'java/lang/NoSuchMethodError': <clinit>> (0x00000000d7d2c1a0) thrown at [C:\jenkins\workspace\8-2-build-windows-x64-cygwin-sans-NAS\jdk8u441\1521\hotspot\src\share\vm\prims\jni.cpp, line 1620]
Event: 3.101 Thread 0x00000246bc508000 Exception <a 'java/lang/NoSuchMethodError': java.lang.Object.lambda$static$0(Lorg/gradle/internal/reflect/validation/TypeValidationContext;Lorg/gradle/internal/reflect/annotations/PropertyAnnotationMetadata;Ljava/lang/String;)V> (0x00000000d8853f90) throw
Event: 3.102 Thread 0x00000246bc508000 Exception <a 'java/lang/NoSuchMethodError': java.lang.Object.lambda$static$2(Lorg/gradle/internal/reflect/validation/TypeValidationContext;Lorg/gradle/internal/reflect/annotations/PropertyAnnotationMetadata;Ljava/lang/String;)V> (0x00000000d8857948) throw
Event: 3.107 Thread 0x00000246bc508000 Exception <a 'java/lang/NoSuchMethodError': java.lang.Object.lambda$isEqual$3(Ljava/lang/Object;Ljava/lang/Object;)Z> (0x00000000d892cdd8) thrown at [C:\jenkins\workspace\8-2-build-windows-x64-cygwin-sans-NAS\jdk8u441\1521\hotspot\src\share\vm\interpreter
Event: 3.319 Thread 0x00000246bc508000 Exception <a 'java/lang/NoSuchMethodError': java.lang.Object.lambda$static$0(Ljava/lang/Class;)Ljava/util/Optional;> (0x00000000db12a5a0) thrown at [C:\jenkins\workspace\8-2-build-windows-x64-cygwin-sans-NAS\jdk8u441\1521\hotspot\src\share\vm\interpreter\
Event: 3.322 Thread 0x00000246bc508000 Exception <a 'java/lang/IncompatibleClassChangeError': Found class java.lang.Object, but interface was expected> (0x00000000db184598) thrown at [C:\jenkins\workspace\8-2-build-windows-x64-cygwin-sans-NAS\jdk8u441\1521\hotspot\src\share\vm\interpreter\link
Event: 3.344 Thread 0x00000246bc508000 Exception <a 'java/lang/NoSuchMethodError': java.lang.Object.lambda$comparing$ea9a8b3a$1(Ljava/util/Comparator;Ljava/util/function/Function;Ljava/lang/Object;Ljava/lang/Object;)I> (0x00000000db598f88) thrown at [C:\jenkins\workspace\8-2-build-windows-x64-
Event: 3.414 Thread 0x00000246bc508000 Exception <a 'java/lang/NoSuchMethodError': java.lang.Object.empty()Ljava/util/stream/Stream;> (0x00000000dbf2d170) thrown at [C:\jenkins\workspace\8-2-build-windows-x64-cygwin-sans-NAS\jdk8u441\1521\hotspot\src\share\vm\interpreter\linkResolver.cpp, line
Event: 3.429 Thread 0x00000246bd862000 Exception <a 'java/lang/NoSuchMethodError': java.lang.Object.lambda$wrap$0(Lorg/gradle/internal/io/IoSupplier;)Ljava/lang/Object;> (0x00000000dc09f4f8) thrown at [C:\jenkins\workspace\8-2-build-windows-x64-cygwin-sans-NAS\jdk8u441\1521\hotspot\src\share\v

Events (10 events):
Event: 3.598 loading class org/codehaus/groovy/ast/PackageNode
Event: 3.598 loading class org/codehaus/groovy/ast/PackageNode done
Event: 3.598 loading class org/codehaus/groovy/ast/expr/AnnotationConstantExpression
Event: 3.598 loading class org/codehaus/groovy/ast/expr/AnnotationConstantExpression done
Event: 3.599 loading class org/codehaus/groovy/reflection/ReflectionUtils$ClassContextHelper
Event: 3.599 loading class org/codehaus/groovy/reflection/ReflectionUtils$ClassContextHelper done
Event: 3.599 loading class org/codehaus/groovy/reflection/CacheAccessControlException
Event: 3.599 loading class org/codehaus/groovy/reflection/CacheAccessControlException done
Event: 3.600 loading class org/codehaus/groovy/reflection/CachedMethod$MyComparator
Event: 3.600 loading class org/codehaus/groovy/reflection/CachedMethod$MyComparator done


Dynamic libraries:
0x00007ff7a7210000 - 0x00007ff7a725f000 	C:\Program Files\Java\jre1.8.0_441\bin\java.exe
0x00007ff8292c0000 - 0x00007ff829527000 	C:\WINDOWS\SYSTEM32\ntdll.dll
0x00007ff827c60000 - 0x00007ff827d29000 	C:\WINDOWS\System32\KERNEL32.DLL
0x00007ff826790000 - 0x00007ff826b81000 	C:\WINDOWS\System32\KERNELBASE.dll
0x00007ff827d30000 - 0x00007ff827deb000 	C:\WINDOWS\System32\ADVAPI32.dll
0x00007ff827bb0000 - 0x00007ff827c59000 	C:\WINDOWS\System32\msvcrt.dll
0x00007ff827df0000 - 0x00007ff827e97000 	C:\WINDOWS\System32\sechost.dll
0x00007ff8288d0000 - 0x00007ff8289e8000 	C:\WINDOWS\System32\RPCRT4.dll
0x00007ff828700000 - 0x00007ff8288c5000 	C:\WINDOWS\System32\USER32.dll
0x00007ff826760000 - 0x00007ff826787000 	C:\WINDOWS\System32\win32u.dll
0x00007ff8289f0000 - 0x00007ff828a1b000 	C:\WINDOWS\System32\GDI32.dll
0x00007ff825ba0000 - 0x00007ff825ccb000 	C:\WINDOWS\System32\gdi32full.dll
0x00007ff8266b0000 - 0x00007ff826753000 	C:\WINDOWS\System32\msvcp_win.dll
0x00007ff826d10000 - 0x00007ff826e5b000 	C:\WINDOWS\System32\ucrtbase.dll
0x00007ff807e30000 - 0x00007ff8080c3000 	C:\WINDOWS\WinSxS\amd64_microsoft.windows.common-controls_6595b64144ccf1df_6.0.26100.8037_none_3e092faae333b53b\COMCTL32.dll
0x00007ff8270b0000 - 0x00007ff8270e1000 	C:\WINDOWS\System32\IMM32.DLL
0x00007ffff4f30000 - 0x00007ffff4f4b000 	C:\Program Files\Java\jre1.8.0_441\bin\vcruntime140.dll
0x00007ff81e960000 - 0x00007ff81e96c000 	C:\Program Files\Java\jre1.8.0_441\bin\vcruntime140_1.dll
0x00007fffdad00000 - 0x00007fffdad8e000 	C:\Program Files\Java\jre1.8.0_441\bin\msvcp140.dll
0x00007fffaa420000 - 0x00007fffaacca000 	C:\Program Files\Java\jre1.8.0_441\bin\server\jvm.dll
0x00007ff8272a0000 - 0x00007ff8272a8000 	C:\WINDOWS\System32\PSAPI.DLL
0x00007ff81c480000 - 0x00007ff81c48b000 	C:\WINDOWS\SYSTEM32\VERSION.dll
0x00007ff8074b0000 - 0x00007ff8074ba000 	C:\WINDOWS\SYSTEM32\WSOCK32.dll
0x00007ff817d20000 - 0x00007ff817d55000 	C:\WINDOWS\SYSTEM32\WINMM.dll
0x00007ff8271b0000 - 0x00007ff827224000 	C:\WINDOWS\System32\WS2_32.dll
0x00007ff824a50000 - 0x00007ff824a6b000 	C:\WINDOWS\SYSTEM32\kernel.appcore.dll
0x00007ff809f50000 - 0x00007ff809f60000 	C:\Program Files\Java\jre1.8.0_441\bin\verify.dll
0x00007fffddf10000 - 0x00007fffddf3b000 	C:\Program Files\Java\jre1.8.0_441\bin\java.dll
0x00007fffddc70000 - 0x00007fffddca7000 	C:\Program Files\Java\jre1.8.0_441\bin\instrument.dll
0x00007fffea320000 - 0x00007fffea338000 	C:\Program Files\Java\jre1.8.0_441\bin\zip.dll
0x00007ff827f90000 - 0x00007ff8286ef000 	C:\WINDOWS\System32\SHELL32.dll
0x00007ff826540000 - 0x00007ff8266aa000 	C:\WINDOWS\System32\wintypes.dll
0x00007ff828b20000 - 0x00007ff828ea2000 	C:\WINDOWS\System32\combase.dll
0x00007ff825cd0000 - 0x00007ff826534000 	C:\WINDOWS\System32\windows.storage.dll
0x00007ff828a20000 - 0x00007ff828b17000 	C:\WINDOWS\System32\SHCORE.dll
0x00007ff827230000 - 0x00007ff827297000 	C:\WINDOWS\System32\shlwapi.dll
0x00007ff825ac0000 - 0x00007ff825ae9000 	C:\WINDOWS\SYSTEM32\profapi.dll
0x00007fffdda60000 - 0x00007fffdda7c000 	C:\Program Files\Java\jre1.8.0_441\bin\net.dll
0x00007ff824fc0000 - 0x00007ff82502b000 	C:\WINDOWS\system32\mswsock.dll
0x00007fffdd9d0000 - 0x00007fffdd9e3000 	C:\Program Files\Java\jre1.8.0_441\bin\nio.dll
0x00007fffdda80000 - 0x00007fffddaa7000 	C:\Users\ASUS TUF GAMING 15\.gradle\native\1def1411415f61bf3af743bc5b6707747c0891f09f0c88961ee8f79bc544acac\windows-amd64\native-platform.dll
0x00007fffda2c0000 - 0x00007fffda338000 	C:\Users\ASUS TUF GAMING 15\.gradle\native\0.2.7\x86_64-windows-gnu\gradle-fileevents.dll
0x00007ffff6780000 - 0x00007ffff678d000 	C:\Program Files\Java\jre1.8.0_441\bin\management.dll
0x00007ff824440000 - 0x00007ff824473000 	C:\WINDOWS\SYSTEM32\IPHLPAPI.DLL
0x00007ff829210000 - 0x00007ff82921a000 	C:\WINDOWS\System32\NSI.dll
0x00007ff81df90000 - 0x00007ff81dfad000 	C:\WINDOWS\SYSTEM32\dhcpcsvc6.DLL
0x00007ff81dee0000 - 0x00007ff81df03000 	C:\WINDOWS\SYSTEM32\dhcpcsvc.DLL
0x00007ff824520000 - 0x00007ff82464a000 	C:\WINDOWS\SYSTEM32\DNSAPI.dll
0x00007ff8252a0000 - 0x00007ff8252bb000 	C:\WINDOWS\SYSTEM32\CRYPTSP.dll
0x00007ff8249b0000 - 0x00007ff8249e9000 	C:\WINDOWS\system32\rsaenh.dll
0x00007ff825070000 - 0x00007ff8250a2000 	C:\WINDOWS\SYSTEM32\USERENV.dll
0x00007ff825a90000 - 0x00007ff825aba000 	C:\WINDOWS\SYSTEM32\bcrypt.dll
0x00007ff826ef0000 - 0x00007ff826f95000 	C:\WINDOWS\System32\bcryptprimitives.dll
0x00007ff8252c0000 - 0x00007ff8252cc000 	C:\WINDOWS\SYSTEM32\CRYPTBASE.dll
0x00007ff823c50000 - 0x00007ff823e92000 	C:\WINDOWS\SYSTEM32\dbghelp.dll
0x00007ff827eb0000 - 0x00007ff827f87000 	C:\WINDOWS\System32\OLEAUT32.dll

VM Arguments:
jvm_args: -XX:MaxMetaspaceSize=512m -XX:ReservedCodeCacheSize=256m -XX:+HeapDumpOnOutOfMemoryError -Xmx2G -Dfile.encoding=UTF-8 -Duser.country=FR -Duser.language=fr -Duser.variant -javaagent:C:\Users\ASUS TUF GAMING 15\.gradle\wrapper\dists\gradle-8.14-all\c2qonpi39x1mddn7hk5gh9iqj\gradle-8.14\lib\agents\gradle-instrumentation-agent-8.14.jar 
java_command: org.gradle.launcher.daemon.bootstrap.GradleDaemon 8.14
java_class_path (initial): C:\Users\ASUS TUF GAMING 15\.gradle\wrapper\dists\gradle-8.14-all\c2qonpi39x1mddn7hk5gh9iqj\gradle-8.14\lib\gradle-daemon-main-8.14.jar;C:\Users\ASUS TUF GAMING 15\.gradle\wrapper\dists\gradle-8.14-all\c2qonpi39x1mddn7hk5gh9iqj\gradle-8.14\lib\agents\gradle-instrumentation-agent-8.14.jar
Launcher Type: SUN_STANDARD

Environment Variables:
PATH=C:\Users\ASUS TUF GAMING 15\AppData\Local\Programs\Microsoft VS Code;C:\Program Files\Common Files\Oracle\Java\javapath;C:\Program Files (x86)\Common Files\Oracle\Java\java8path;C:\Program Files (x86)\Common Files\Oracle\Java\javapath;C:\WINDOWS\system32;C:\WINDOWS;C:\WINDOWS\System32\Wbem;C:\WINDOWS\System32\WindowsPowerShell\v1.0\;C:\WINDOWS\System32\OpenSSH\;C:\Program Files\dotnet\;C:\Program Files (x86)\NVIDIA Corporation\PhysX\Common;C:\Program Files\NVIDIA Corporation\NVIDIA app\NvDLISR;C:\Program Files\nodejs\;C:\ProgramData\chocolatey\bin;C:\Program Files\Git\cmd;C:\Users\ASUS TUF GAMING 15\AppData\Local\Programs\Python\Python313\Scripts\;C:\Users\ASUS TUF GAMING 15\AppData\Local\Programs\Python\Python313\;C:\Users\ASUS TUF GAMING 15\AppData\Local\Programs\Python\Launcher\;C:\Users\ASUS TUF GAMING 15\AppData\Local\Microsoft\WindowsApps;C:\MinGW\bin;C:\MinGW\;C:\Users\ASUS TUF GAMING 15\AppData\Local\Programs\Microsoft VS Code\bin;C:\Users\ASUS TUF GAMING 15\AppData\Roaming\npm;C:\Program Files\nodejs;C:\Users\ASUS TUF GAMING 15\.lmstudio\bin;C:\Users\ASUS TUF GAMING 15\AppData\Local\GitHubDesktop\bin;C:\Users\ASUS TUF GAMING 15\AppData\Local\Programs\Antigravity\bin
USERNAME=ASUS TUF GAMING 15
OS=Windows_NT
PROCESSOR_IDENTIFIER=Intel64 Family 6 Model 141 Stepping 1, GenuineIntel



---------------  S Y S T E M  ---------------

OS: Windows 11 , 64 bit Build 26100 (10.0.26100.7920)

CPU:total 16 (initial active 16) (8 cores per cpu, 2 threads per core) family 6 model 141 stepping 1, cmov, cx8, fxsr, mmx, sse, sse2, sse3, ssse3, sse4.1, sse4.2, popcnt, avx, avx2, aes, clmul, erms, 3dnowpref, lzcnt, ht, tsc, tscinvbit, bmi1, bmi2, adx

Memory: 4k page, physical 16543376k(1738692k free), swap 24585604k(3536k free)

vm_info: Java HotSpot(TM) 64-Bit Server VM (25.441-b07) for windows-amd64 JRE (1.8.0_441-b07), built on Dec  4 2024 08:12:36 by "java_re" with MS VC++ 17.6 (VS2022)

time: Sun Mar 22 00:18:06 2026
timezone: Afr. centrale Ouest
elapsed time: 3.612956 seconds (0d 0h 0m 3s)

